[30m2024-07-23 15:09:30[0;39m [34mINFO [0;39m [1;33mo.h.validator.internal.util.Version[0;39m - HV000001: Hibernate Validator 8.0.1.Final
[30m2024-07-23 15:09:30[0;39m [34mINFO [0;39m [1;33mcom.DemoApplication[0;39m - Starting DemoApplication using Java 17.0.11 with PID 18799 (/Users/silaspacheco/Ecomm_Backend/Ecomm_Backend/target/classes started by silaspacheco in /Users/silaspacheco/Ecomm_Backend/Ecomm_Backend)
[30m2024-07-23 15:09:30[0;39m [34mINFO [0;39m [1;33mcom.DemoApplication[0;39m - The following 1 profile is active: "local"
[30m2024-07-23 15:09:30[0;39m [34mINFO [0;39m [1;33mo.s.b.d.e.DevToolsPropertyDefaultsPostProcessor[0;39m - Devtools property defaults active! Set 'spring.devtools.add-properties' to 'false' to disable
[30m2024-07-23 15:09:30[0;39m [34mINFO [0;39m [1;33mo.s.b.d.e.DevToolsPropertyDefaultsPostProcessor[0;39m - For additional web related logging consider setting the 'logging.level.web' property to 'DEBUG'
[30m2024-07-23 15:09:33[0;39m [34mINFO [0;39m [1;33mo.s.d.r.c.RepositoryConfigurationDelegate[0;39m - Bootstrapping Spring Data JPA repositories in DEFAULT mode.
[30m2024-07-23 15:09:34[0;39m [34mINFO [0;39m [1;33mo.s.d.r.c.RepositoryConfigurationDelegate[0;39m - Finished Spring Data repository scanning in 1265 ms. Found 10 JPA repository interfaces.
[30m2024-07-23 15:09:36[0;39m [34mINFO [0;39m [1;33mo.s.b.w.e.tomcat.TomcatWebServer[0;39m - Tomcat initialized with port 4545 (http)
[30m2024-07-23 15:09:36[0;39m [34mINFO [0;39m [1;33mo.a.coyote.http11.Http11NioProtocol[0;39m - Initializing ProtocolHandler ["http-nio-4545"]
[30m2024-07-23 15:09:36[0;39m [34mINFO [0;39m [1;33mo.a.catalina.core.StandardService[0;39m - Starting service [Tomcat]
[30m2024-07-23 15:09:36[0;39m [34mINFO [0;39m [1;33mo.a.catalina.core.StandardEngine[0;39m - Starting Servlet engine: [Apache Tomcat/10.1.25]
[30m2024-07-23 15:09:36[0;39m [34mINFO [0;39m [1;33mo.a.c.c.C.[Tomcat].[localhost].[/][0;39m - Initializing Spring embedded WebApplicationContext
[30m2024-07-23 15:09:36[0;39m [34mINFO [0;39m [1;33mo.s.b.w.s.c.ServletWebServerApplicationContext[0;39m - Root WebApplicationContext: initialization completed in 6041 ms
[30m2024-07-23 15:09:37[0;39m [39mDEBUG[0;39m [1;33mo.s.w.f.ServerHttpObservationFilter[0;39m - Filter 'webMvcObservationFilter' configured for use
[30m2024-07-23 15:09:37[0;39m [34mINFO [0;39m [1;33mo.h.jpa.internal.util.LogHelper[0;39m - HHH000204: Processing PersistenceUnitInfo [name: default]
[30m2024-07-23 15:09:37[0;39m [34mINFO [0;39m [1;33morg.hibernate.Version[0;39m - HHH000412: Hibernate ORM core version 6.4.9.Final
[30m2024-07-23 15:09:37[0;39m [34mINFO [0;39m [1;33mo.h.c.i.RegionFactoryInitiator[0;39m - HHH000026: Second-level cache disabled
[30m2024-07-23 15:09:38[0;39m [34mINFO [0;39m [1;33mo.s.o.j.p.SpringPersistenceUnitInfo[0;39m - No LoadTimeWeaver setup: ignoring JPA class transformer
[30m2024-07-23 15:09:38[0;39m [34mINFO [0;39m [1;33mcom.zaxxer.hikari.HikariDataSource[0;39m - HikariPool-1 - Starting...
[30m2024-07-23 15:09:39[0;39m [34mINFO [0;39m [1;33mcom.zaxxer.hikari.pool.HikariPool[0;39m - HikariPool-1 - Added connection com.mysql.cj.jdbc.ConnectionImpl@22f4e627
[30m2024-07-23 15:09:39[0;39m [34mINFO [0;39m [1;33mcom.zaxxer.hikari.HikariDataSource[0;39m - HikariPool-1 - Start completed.
[30m2024-07-23 15:09:40[0;39m [31mWARN [0;39m [1;33morg.hibernate.orm.deprecation[0;39m - HHH90000025: MySQLDialect does not need to be specified explicitly using 'hibernate.dialect' (remove the property setting and it will be selected by default)
[30m2024-07-23 15:09:42[0;39m [34mINFO [0;39m [1;33mo.h.e.t.j.p.i.JtaPlatformInitiator[0;39m - HHH000489: No JTA platform available (set 'hibernate.transaction.jta.platform' to enable JTA platform integration)
[30m2024-07-23 15:09:43[0;39m [34mINFO [0;39m [1;33mo.s.o.j.LocalContainerEntityManagerFactoryBean[0;39m - Initialized JPA EntityManagerFactory for persistence unit 'default'
[30m2024-07-23 15:09:44[0;39m [34mINFO [0;39m [1;33mo.s.d.j.r.query.QueryEnhancerFactory[0;39m - Hibernate is in classpath; If applicable, HQL parser will be used.
[30m2024-07-23 15:09:45[0;39m [31mWARN [0;39m [1;33mo.s.b.a.o.j.JpaBaseConfiguration$JpaWebConfiguration[0;39m - spring.jpa.open-in-view is enabled by default. Therefore, database queries may be performed during view rendering. Explicitly configure spring.jpa.open-in-view to disable this warning
[30m2024-07-23 15:09:46[0;39m [31mWARN [0;39m [1;33mo.s.b.a.s.s.UserDetailsServiceAutoConfiguration[0;39m - 

Using generated security password: 43256db9-990e-47ba-a6c0-6b89d8c60b96

This generated password is for development use only. Your security configuration must be updated before running your application in production.

[30m2024-07-23 15:09:46[0;39m [39mDEBUG[0;39m [1;33mo.s.w.s.m.m.a.RequestMappingHandlerMapping[0;39m - 34 mappings in 'requestMappingHandlerMapping'
[30m2024-07-23 15:09:46[0;39m [34mINFO [0;39m [1;33mo.s.b.a.e.web.EndpointLinksResolver[0;39m - Exposing 1 endpoint(s) beneath base path '/actuator'
[30m2024-07-23 15:09:47[0;39m [34mINFO [0;39m [1;33mo.s.s.web.DefaultSecurityFilterChain[0;39m - Will secure any request with [org.springframework.security.web.session.DisableEncodeUrlFilter@1222e38b, org.springframework.security.web.session.ForceEagerSessionCreationFilter@57204bf1, org.springframework.security.web.context.request.async.WebAsyncManagerIntegrationFilter@3f85e40e, org.springframework.security.web.context.SecurityContextHolderFilter@5c0ddc8b, org.springframework.security.web.header.HeaderWriterFilter@3bae640, org.springframework.web.filter.CorsFilter@64339352, org.springframework.security.web.authentication.logout.LogoutFilter@103a4eba, com.config.JwtAuthFilter@61080ae4, org.springframework.security.web.savedrequest.RequestCacheAwareFilter@3ca5ab70, org.springframework.security.web.servletapi.SecurityContextHolderAwareRequestFilter@45db1f50, org.springframework.security.web.authentication.AnonymousAuthenticationFilter@34a2aaf7, org.springframework.security.web.session.SessionManagementFilter@70933a03, org.springframework.security.web.access.ExceptionTranslationFilter@3d07426a, org.springframework.security.web.access.intercept.AuthorizationFilter@173b4280]
[30m2024-07-23 15:09:47[0;39m [39mDEBUG[0;39m [1;33mo.s.w.s.m.m.a.RequestMappingHandlerAdapter[0;39m - ControllerAdvice beans: 0 @ModelAttribute, 0 @InitBinder, 1 RequestBodyAdvice, 1 ResponseBodyAdvice
[30m2024-07-23 15:09:47[0;39m [39mDEBUG[0;39m [1;33mo.s.w.s.m.m.a.ExceptionHandlerExceptionResolver[0;39m - ControllerAdvice beans: 1 @ExceptionHandler, 1 ResponseBodyAdvice
[30m2024-07-23 15:09:48[0;39m [34mINFO [0;39m [1;33mo.s.b.d.a.OptionalLiveReloadServer[0;39m - LiveReload server is running on port 35729
[30m2024-07-23 15:09:48[0;39m [34mINFO [0;39m [1;33mo.a.coyote.http11.Http11NioProtocol[0;39m - Starting ProtocolHandler ["http-nio-4545"]
[30m2024-07-23 15:09:48[0;39m [34mINFO [0;39m [1;33mo.s.b.w.e.tomcat.TomcatWebServer[0;39m - Tomcat started on port 4545 (http) with context path ''
[30m2024-07-23 15:09:48[0;39m [34mINFO [0;39m [1;33mcom.DemoApplication[0;39m - Started DemoApplication in 19.294 seconds (process running for 20.099)
[30m2024-07-23 15:10:05[0;39m [34mINFO [0;39m [1;33mo.s.o.j.LocalContainerEntityManagerFactoryBean[0;39m - Closing JPA EntityManagerFactory for persistence unit 'default'
[30m2024-07-23 15:10:05[0;39m [34mINFO [0;39m [1;33mcom.zaxxer.hikari.HikariDataSource[0;39m - HikariPool-1 - Shutdown initiated...
[30m2024-07-23 15:10:05[0;39m [34mINFO [0;39m [1;33mcom.zaxxer.hikari.HikariDataSource[0;39m - HikariPool-1 - Shutdown completed.
[30m2024-07-23 15:48:02[0;39m [34mINFO [0;39m [1;33mo.h.validator.internal.util.Version[0;39m - HV000001: Hibernate Validator 8.0.1.Final
[30m2024-07-23 15:48:02[0;39m [34mINFO [0;39m [1;33mcom.DemoApplication[0;39m - Starting DemoApplication using Java 17.0.11 with PID 20577 (/Users/silaspacheco/Ecomm_Backend/Ecomm_Backend/target/classes started by silaspacheco in /Users/silaspacheco/Ecomm_Backend/Ecomm_Backend)
[30m2024-07-23 15:48:02[0;39m [34mINFO [0;39m [1;33mcom.DemoApplication[0;39m - The following 1 profile is active: "local"
[30m2024-07-23 15:48:02[0;39m [34mINFO [0;39m [1;33mo.s.b.d.e.DevToolsPropertyDefaultsPostProcessor[0;39m - Devtools property defaults active! Set 'spring.devtools.add-properties' to 'false' to disable
[30m2024-07-23 15:48:02[0;39m [34mINFO [0;39m [1;33mo.s.b.d.e.DevToolsPropertyDefaultsPostProcessor[0;39m - For additional web related logging consider setting the 'logging.level.web' property to 'DEBUG'
[30m2024-07-23 15:48:04[0;39m [34mINFO [0;39m [1;33mo.s.d.r.c.RepositoryConfigurationDelegate[0;39m - Bootstrapping Spring Data JPA repositories in DEFAULT mode.
[30m2024-07-23 15:48:05[0;39m [34mINFO [0;39m [1;33mo.s.d.r.c.RepositoryConfigurationDelegate[0;39m - Finished Spring Data repository scanning in 878 ms. Found 10 JPA repository interfaces.
[30m2024-07-23 15:48:07[0;39m [34mINFO [0;39m [1;33mo.s.b.w.e.tomcat.TomcatWebServer[0;39m - Tomcat initialized with port 4545 (http)
[30m2024-07-23 15:48:07[0;39m [34mINFO [0;39m [1;33mo.a.coyote.http11.Http11NioProtocol[0;39m - Initializing ProtocolHandler ["http-nio-4545"]
[30m2024-07-23 15:48:07[0;39m [34mINFO [0;39m [1;33mo.a.catalina.core.StandardService[0;39m - Starting service [Tomcat]
[30m2024-07-23 15:48:07[0;39m [34mINFO [0;39m [1;33mo.a.catalina.core.StandardEngine[0;39m - Starting Servlet engine: [Apache Tomcat/10.1.25]
[30m2024-07-23 15:48:07[0;39m [34mINFO [0;39m [1;33mo.a.c.c.C.[Tomcat].[localhost].[/][0;39m - Initializing Spring embedded WebApplicationContext
[30m2024-07-23 15:48:07[0;39m [34mINFO [0;39m [1;33mo.s.b.w.s.c.ServletWebServerApplicationContext[0;39m - Root WebApplicationContext: initialization completed in 4470 ms
[30m2024-07-23 15:48:07[0;39m [39mDEBUG[0;39m [1;33mo.s.w.f.ServerHttpObservationFilter[0;39m - Filter 'webMvcObservationFilter' configured for use
[30m2024-07-23 15:48:07[0;39m [34mINFO [0;39m [1;33mo.h.jpa.internal.util.LogHelper[0;39m - HHH000204: Processing PersistenceUnitInfo [name: default]
[30m2024-07-23 15:48:08[0;39m [34mINFO [0;39m [1;33morg.hibernate.Version[0;39m - HHH000412: Hibernate ORM core version 6.4.9.Final
[30m2024-07-23 15:48:08[0;39m [34mINFO [0;39m [1;33mo.h.c.i.RegionFactoryInitiator[0;39m - HHH000026: Second-level cache disabled
[30m2024-07-23 15:48:08[0;39m [34mINFO [0;39m [1;33mo.s.o.j.p.SpringPersistenceUnitInfo[0;39m - No LoadTimeWeaver setup: ignoring JPA class transformer
[30m2024-07-23 15:48:08[0;39m [34mINFO [0;39m [1;33mcom.zaxxer.hikari.HikariDataSource[0;39m - HikariPool-1 - Starting...
[30m2024-07-23 15:48:09[0;39m [34mINFO [0;39m [1;33mcom.zaxxer.hikari.pool.HikariPool[0;39m - HikariPool-1 - Added connection com.mysql.cj.jdbc.ConnectionImpl@1c3b22ef
[30m2024-07-23 15:48:09[0;39m [34mINFO [0;39m [1;33mcom.zaxxer.hikari.HikariDataSource[0;39m - HikariPool-1 - Start completed.
[30m2024-07-23 15:48:09[0;39m [31mWARN [0;39m [1;33morg.hibernate.orm.deprecation[0;39m - HHH90000025: MySQLDialect does not need to be specified explicitly using 'hibernate.dialect' (remove the property setting and it will be selected by default)
[30m2024-07-23 15:48:11[0;39m [34mINFO [0;39m [1;33mo.h.e.t.j.p.i.JtaPlatformInitiator[0;39m - HHH000489: No JTA platform available (set 'hibernate.transaction.jta.platform' to enable JTA platform integration)
[30m2024-07-23 15:48:11[0;39m [34mINFO [0;39m [1;33mo.s.o.j.LocalContainerEntityManagerFactoryBean[0;39m - Initialized JPA EntityManagerFactory for persistence unit 'default'
[30m2024-07-23 15:48:12[0;39m [34mINFO [0;39m [1;33mo.s.d.j.r.query.QueryEnhancerFactory[0;39m - Hibernate is in classpath; If applicable, HQL parser will be used.
[30m2024-07-23 15:48:14[0;39m [31mWARN [0;39m [1;33mo.s.b.a.o.j.JpaBaseConfiguration$JpaWebConfiguration[0;39m - spring.jpa.open-in-view is enabled by default. Therefore, database queries may be performed during view rendering. Explicitly configure spring.jpa.open-in-view to disable this warning
[30m2024-07-23 15:48:14[0;39m [31mWARN [0;39m [1;33mo.s.b.a.s.s.UserDetailsServiceAutoConfiguration[0;39m - 

Using generated security password: 4f0c84db-a634-4106-ba95-e321d05f536c

This generated password is for development use only. Your security configuration must be updated before running your application in production.

[30m2024-07-23 15:48:14[0;39m [39mDEBUG[0;39m [1;33mo.s.w.s.m.m.a.RequestMappingHandlerMapping[0;39m - 34 mappings in 'requestMappingHandlerMapping'
[30m2024-07-23 15:48:14[0;39m [34mINFO [0;39m [1;33mo.s.b.a.e.web.EndpointLinksResolver[0;39m - Exposing 1 endpoint(s) beneath base path '/actuator'
[30m2024-07-23 15:48:15[0;39m [34mINFO [0;39m [1;33mo.s.s.web.DefaultSecurityFilterChain[0;39m - Will secure any request with [org.springframework.security.web.session.DisableEncodeUrlFilter@5c218a1, org.springframework.security.web.session.ForceEagerSessionCreationFilter@6d6bf8b4, org.springframework.security.web.context.request.async.WebAsyncManagerIntegrationFilter@4cd2dca2, org.springframework.security.web.context.SecurityContextHolderFilter@7944157b, org.springframework.security.web.header.HeaderWriterFilter@341450dd, org.springframework.web.filter.CorsFilter@5251375a, org.springframework.security.web.authentication.logout.LogoutFilter@66067f55, com.config.JwtAuthFilter@47c32aa1, org.springframework.security.web.savedrequest.RequestCacheAwareFilter@7a095d58, org.springframework.security.web.servletapi.SecurityContextHolderAwareRequestFilter@51fa033a, org.springframework.security.web.authentication.AnonymousAuthenticationFilter@75dfc4b5, org.springframework.security.web.session.SessionManagementFilter@31e4cf89, org.springframework.security.web.access.ExceptionTranslationFilter@1c3da065, org.springframework.security.web.access.intercept.AuthorizationFilter@79d9d121]
[30m2024-07-23 15:48:15[0;39m [39mDEBUG[0;39m [1;33mo.s.w.s.m.m.a.RequestMappingHandlerAdapter[0;39m - ControllerAdvice beans: 0 @ModelAttribute, 0 @InitBinder, 1 RequestBodyAdvice, 1 ResponseBodyAdvice
[30m2024-07-23 15:48:15[0;39m [39mDEBUG[0;39m [1;33mo.s.w.s.m.m.a.ExceptionHandlerExceptionResolver[0;39m - ControllerAdvice beans: 1 @ExceptionHandler, 1 ResponseBodyAdvice
[30m2024-07-23 15:48:16[0;39m [34mINFO [0;39m [1;33mo.s.b.d.a.OptionalLiveReloadServer[0;39m - LiveReload server is running on port 35729
[30m2024-07-23 15:48:16[0;39m [34mINFO [0;39m [1;33mo.a.coyote.http11.Http11NioProtocol[0;39m - Starting ProtocolHandler ["http-nio-4545"]
[30m2024-07-23 15:48:16[0;39m [34mINFO [0;39m [1;33mo.s.b.w.e.tomcat.TomcatWebServer[0;39m - Tomcat started on port 4545 (http) with context path ''
[30m2024-07-23 15:48:16[0;39m [34mINFO [0;39m [1;33mcom.DemoApplication[0;39m - Started DemoApplication in 14.809 seconds (process running for 15.641)
[30m2024-07-23 15:48:52[0;39m [34mINFO [0;39m [1;33mo.s.o.j.LocalContainerEntityManagerFactoryBean[0;39m - Closing JPA EntityManagerFactory for persistence unit 'default'
[30m2024-07-23 15:48:52[0;39m [34mINFO [0;39m [1;33mcom.zaxxer.hikari.HikariDataSource[0;39m - HikariPool-1 - Shutdown initiated...
[30m2024-07-23 15:48:52[0;39m [34mINFO [0;39m [1;33mcom.zaxxer.hikari.HikariDataSource[0;39m - HikariPool-1 - Shutdown completed.
