[30m2024-06-20 00:11:48[0;39m [34mINFO [0;39m[File Watcher] [1;33mo.s.b.d.a.LocalDevToolsAutoConfiguration$RestartingClassPathChangeChangedEventListener[0;39m - Restarting due to 1 class path change (0 additions, 0 deletions, 1 modification)
[30m2024-06-20 00:11:48[0;39m [34mINFO [0;39m[Thread-213] [1;33mo.a.coyote.http11.Http11NioProtocol[0;39m - Stopping ProtocolHandler ["http-nio-4545"]
[30m2024-06-20 00:11:48[0;39m [34mINFO [0;39m[Thread-213] [1;33mo.s.o.j.LocalContainerEntityManagerFactoryBean[0;39m - Closing JPA EntityManagerFactory for persistence unit 'default'
[30m2024-06-20 00:11:48[0;39m [34mINFO [0;39m[Thread-213] [1;33mcom.zaxxer.hikari.HikariDataSource[0;39m - HikariPool-54 - Shutdown initiated...
[30m2024-06-20 00:11:49[0;39m [34mINFO [0;39m[Thread-213] [1;33mcom.zaxxer.hikari.HikariDataSource[0;39m - HikariPool-54 - Shutdown completed.
[30m2024-06-20 00:11:52[0;39m [34mINFO [0;39m[restartedMain] [1;33mcom.DemoApplication[0;39m - Starting DemoApplication using Java 17.0.11 with PID 20052 (/Users/silaspacheco/Ecomm_Backend/Ecomm_Backend/target/classes started by silaspacheco in /Users/silaspacheco/Ecomm_Backend/Ecomm_Backend)
[30m2024-06-20 00:11:52[0;39m [34mINFO [0;39m[restartedMain] [1;33mcom.DemoApplication[0;39m - No active profile set, falling back to 1 default profile: "default"
[30m2024-06-20 00:11:53[0;39m [34mINFO [0;39m[restartedMain] [1;33mo.s.d.r.c.RepositoryConfigurationDelegate[0;39m - Bootstrapping Spring Data JPA repositories in DEFAULT mode.
[30m2024-06-20 00:11:56[0;39m [34mINFO [0;39m[restartedMain] [1;33mo.s.d.r.c.RepositoryConfigurationDelegate[0;39m - Finished Spring Data repository scanning in 2704 ms. Found 10 JPA repository interfaces.
[30m2024-06-20 00:11:56[0;39m [34mINFO [0;39m[restartedMain] [1;33mo.s.b.w.e.tomcat.TomcatWebServer[0;39m - Tomcat initialized with port 4545 (http)
[30m2024-06-20 00:11:56[0;39m [34mINFO [0;39m[restartedMain] [1;33mo.a.coyote.http11.Http11NioProtocol[0;39m - Initializing ProtocolHandler ["http-nio-4545"]
[30m2024-06-20 00:11:56[0;39m [34mINFO [0;39m[restartedMain] [1;33mo.a.catalina.core.StandardService[0;39m - Starting service [Tomcat]
[30m2024-06-20 00:11:56[0;39m [34mINFO [0;39m[restartedMain] [1;33mo.a.catalina.core.StandardEngine[0;39m - Starting Servlet engine: [Apache Tomcat/10.1.24]
[30m2024-06-20 00:11:56[0;39m [34mINFO [0;39m[restartedMain] [1;33mo.a.c.c.C.[Tomcat-2].[localhost].[/][0;39m - Initializing Spring embedded WebApplicationContext
[30m2024-06-20 00:11:56[0;39m [34mINFO [0;39m[restartedMain] [1;33mo.s.b.w.s.c.ServletWebServerApplicationContext[0;39m - Root WebApplicationContext: initialization completed in 4675 ms
[30m2024-06-20 00:11:57[0;39m [39mDEBUG[0;39m[restartedMain] [1;33mo.s.w.f.ServerHttpObservationFilter[0;39m - Filter 'webMvcObservationFilter' configured for use
[30m2024-06-20 00:11:57[0;39m [34mINFO [0;39m[restartedMain] [1;33mo.s.o.j.p.SpringPersistenceUnitInfo[0;39m - No LoadTimeWeaver setup: ignoring JPA class transformer
[30m2024-06-20 00:11:57[0;39m [34mINFO [0;39m[restartedMain] [1;33mcom.zaxxer.hikari.HikariDataSource[0;39m - HikariPool-55 - Starting...
[30m2024-06-20 00:11:57[0;39m [34mINFO [0;39m[restartedMain] [1;33mcom.zaxxer.hikari.pool.HikariPool[0;39m - HikariPool-55 - Added connection com.mysql.cj.jdbc.ConnectionImpl@7277c4a4
[30m2024-06-20 00:11:57[0;39m [34mINFO [0;39m[restartedMain] [1;33mcom.zaxxer.hikari.HikariDataSource[0;39m - HikariPool-55 - Start completed.
[30m2024-06-20 00:11:57[0;39m [34mINFO [0;39m[restartedMain] [1;33mo.s.o.j.LocalContainerEntityManagerFactoryBean[0;39m - Initialized JPA EntityManagerFactory for persistence unit 'default'
[30m2024-06-20 00:11:58[0;39m [31mWARN [0;39m[restartedMain] [1;33mo.s.b.a.o.j.JpaBaseConfiguration$JpaWebConfiguration[0;39m - spring.jpa.open-in-view is enabled by default. Therefore, database queries may be performed during view rendering. Explicitly configure spring.jpa.open-in-view to disable this warning
[30m2024-06-20 00:11:58[0;39m [31mWARN [0;39m[restartedMain] [1;33mo.s.b.a.s.s.UserDetailsServiceAutoConfiguration[0;39m - 

Using generated security password: c4969e5b-5fef-4d23-a10d-cb678b3fdc2b

This generated password is for development use only. Your security configuration must be updated before running your application in production.

[30m2024-06-20 00:11:58[0;39m [39mDEBUG[0;39m[restartedMain] [1;33mo.s.w.s.m.m.a.RequestMappingHandlerMapping[0;39m - 31 mappings in 'requestMappingHandlerMapping'
[30m2024-06-20 00:11:58[0;39m [34mINFO [0;39m[restartedMain] [1;33mo.s.b.a.e.web.EndpointLinksResolver[0;39m - Exposing 1 endpoint(s) beneath base path '/actuator'
[30m2024-06-20 00:11:58[0;39m [34mINFO [0;39m[restartedMain] [1;33mo.s.s.web.DefaultSecurityFilterChain[0;39m - Will secure any request with [org.springframework.security.web.session.DisableEncodeUrlFilter@7c713c58, org.springframework.security.web.session.ForceEagerSessionCreationFilter@6d5caf25, org.springframework.security.web.context.request.async.WebAsyncManagerIntegrationFilter@55d101a4, org.springframework.security.web.context.SecurityContextHolderFilter@41ff7543, org.springframework.security.web.header.HeaderWriterFilter@4a93da1b, org.springframework.web.filter.CorsFilter@25dcf1cb, org.springframework.security.web.authentication.logout.LogoutFilter@1794e241, com.Config.JwtAuthFilter@50ba9ad4, org.springframework.security.web.savedrequest.RequestCacheAwareFilter@7160a382, org.springframework.security.web.servletapi.SecurityContextHolderAwareRequestFilter@43152848, org.springframework.security.web.authentication.AnonymousAuthenticationFilter@58972261, org.springframework.security.web.session.SessionManagementFilter@4e9a3ea7, org.springframework.security.web.access.ExceptionTranslationFilter@6960ea0c, org.springframework.security.web.access.intercept.AuthorizationFilter@447ab8d3]
[30m2024-06-20 00:11:58[0;39m [39mDEBUG[0;39m[restartedMain] [1;33mo.s.w.s.m.m.a.RequestMappingHandlerAdapter[0;39m - ControllerAdvice beans: 0 @ModelAttribute, 0 @InitBinder, 1 RequestBodyAdvice, 1 ResponseBodyAdvice
[30m2024-06-20 00:11:58[0;39m [39mDEBUG[0;39m[restartedMain] [1;33mo.s.w.s.m.m.a.ExceptionHandlerExceptionResolver[0;39m - ControllerAdvice beans: 1 @ExceptionHandler, 1 ResponseBodyAdvice
[30m2024-06-20 00:11:58[0;39m [34mINFO [0;39m[restartedMain] [1;33mo.s.b.d.a.OptionalLiveReloadServer[0;39m - LiveReload server is running on port 35729
[30m2024-06-20 00:11:58[0;39m [34mINFO [0;39m[restartedMain] [1;33mo.a.coyote.http11.Http11NioProtocol[0;39m - Starting ProtocolHandler ["http-nio-4545"]
[30m2024-06-20 00:11:58[0;39m [34mINFO [0;39m[restartedMain] [1;33mo.s.b.w.e.tomcat.TomcatWebServer[0;39m - Tomcat started on port 4545 (http) with context path ''
[30m2024-06-20 00:11:58[0;39m [34mINFO [0;39m[restartedMain] [1;33mcom.DemoApplication[0;39m - Started DemoApplication in 6.696 seconds (process running for 23352.343)
[30m2024-06-20 00:11:58[0;39m [34mINFO [0;39m[restartedMain] [1;33mo.s.b.d.a.ConditionEvaluationDeltaLoggingListener[0;39m - Condition evaluation unchanged
[30m2024-06-20 00:12:27[0;39m [34mINFO [0;39m[File Watcher] [1;33mo.s.b.d.a.LocalDevToolsAutoConfiguration$RestartingClassPathChangeChangedEventListener[0;39m - Restarting due to 1 class path change (0 additions, 0 deletions, 1 modification)
[30m2024-06-20 00:12:27[0;39m [34mINFO [0;39m[Thread-217] [1;33mo.a.coyote.http11.Http11NioProtocol[0;39m - Stopping ProtocolHandler ["http-nio-4545"]
[30m2024-06-20 00:12:28[0;39m [34mINFO [0;39m[Thread-217] [1;33mo.s.o.j.LocalContainerEntityManagerFactoryBean[0;39m - Closing JPA EntityManagerFactory for persistence unit 'default'
[30m2024-06-20 00:12:28[0;39m [34mINFO [0;39m[Thread-217] [1;33mcom.zaxxer.hikari.HikariDataSource[0;39m - HikariPool-55 - Shutdown initiated...
[30m2024-06-20 00:12:28[0;39m [34mINFO [0;39m[Thread-217] [1;33mcom.zaxxer.hikari.HikariDataSource[0;39m - HikariPool-55 - Shutdown completed.
[30m2024-06-20 00:12:30[0;39m [34mINFO [0;39m[restartedMain] [1;33mcom.DemoApplication[0;39m - Starting DemoApplication using Java 17.0.11 with PID 20052 (/Users/silaspacheco/Ecomm_Backend/Ecomm_Backend/target/classes started by silaspacheco in /Users/silaspacheco/Ecomm_Backend/Ecomm_Backend)
[30m2024-06-20 00:12:30[0;39m [34mINFO [0;39m[restartedMain] [1;33mcom.DemoApplication[0;39m - No active profile set, falling back to 1 default profile: "default"
[30m2024-06-20 00:12:32[0;39m [34mINFO [0;39m[restartedMain] [1;33mo.s.d.r.c.RepositoryConfigurationDelegate[0;39m - Bootstrapping Spring Data JPA repositories in DEFAULT mode.
[30m2024-06-20 00:12:33[0;39m [34mINFO [0;39m[restartedMain] [1;33mo.s.d.r.c.RepositoryConfigurationDelegate[0;39m - Finished Spring Data repository scanning in 946 ms. Found 10 JPA repository interfaces.
[30m2024-06-20 00:12:33[0;39m [34mINFO [0;39m[restartedMain] [1;33mo.s.b.w.e.tomcat.TomcatWebServer[0;39m - Tomcat initialized with port 4545 (http)
[30m2024-06-20 00:12:33[0;39m [34mINFO [0;39m[restartedMain] [1;33mo.a.coyote.http11.Http11NioProtocol[0;39m - Initializing ProtocolHandler ["http-nio-4545"]
[30m2024-06-20 00:12:33[0;39m [34mINFO [0;39m[restartedMain] [1;33mo.a.catalina.core.StandardService[0;39m - Starting service [Tomcat]
[30m2024-06-20 00:12:33[0;39m [34mINFO [0;39m[restartedMain] [1;33mo.a.catalina.core.StandardEngine[0;39m - Starting Servlet engine: [Apache Tomcat/10.1.24]
[30m2024-06-20 00:12:33[0;39m [34mINFO [0;39m[restartedMain] [1;33mo.a.c.c.C.[Tomcat-2].[localhost].[/][0;39m - Initializing Spring embedded WebApplicationContext
[30m2024-06-20 00:12:33[0;39m [34mINFO [0;39m[restartedMain] [1;33mo.s.b.w.s.c.ServletWebServerApplicationContext[0;39m - Root WebApplicationContext: initialization completed in 3226 ms
[30m2024-06-20 00:12:33[0;39m [39mDEBUG[0;39m[restartedMain] [1;33mo.s.w.f.ServerHttpObservationFilter[0;39m - Filter 'webMvcObservationFilter' configured for use
[30m2024-06-20 00:12:34[0;39m [34mINFO [0;39m[restartedMain] [1;33mo.s.o.j.p.SpringPersistenceUnitInfo[0;39m - No LoadTimeWeaver setup: ignoring JPA class transformer
[30m2024-06-20 00:12:34[0;39m [34mINFO [0;39m[restartedMain] [1;33mcom.zaxxer.hikari.HikariDataSource[0;39m - HikariPool-56 - Starting...
[30m2024-06-20 00:12:34[0;39m [34mINFO [0;39m[restartedMain] [1;33mcom.zaxxer.hikari.pool.HikariPool[0;39m - HikariPool-56 - Added connection com.mysql.cj.jdbc.ConnectionImpl@3335dd8d
[30m2024-06-20 00:12:34[0;39m [34mINFO [0;39m[restartedMain] [1;33mcom.zaxxer.hikari.HikariDataSource[0;39m - HikariPool-56 - Start completed.
[30m2024-06-20 00:12:35[0;39m [34mINFO [0;39m[restartedMain] [1;33mo.s.o.j.LocalContainerEntityManagerFactoryBean[0;39m - Initialized JPA EntityManagerFactory for persistence unit 'default'
[30m2024-06-20 00:12:36[0;39m [31mWARN [0;39m[restartedMain] [1;33mo.s.b.a.o.j.JpaBaseConfiguration$JpaWebConfiguration[0;39m - spring.jpa.open-in-view is enabled by default. Therefore, database queries may be performed during view rendering. Explicitly configure spring.jpa.open-in-view to disable this warning
[30m2024-06-20 00:12:36[0;39m [31mWARN [0;39m[restartedMain] [1;33mo.s.b.a.s.s.UserDetailsServiceAutoConfiguration[0;39m - 

Using generated security password: 459ee9e7-79d1-435c-8dce-bce1def9017f

This generated password is for development use only. Your security configuration must be updated before running your application in production.

[30m2024-06-20 00:12:36[0;39m [39mDEBUG[0;39m[restartedMain] [1;33mo.s.w.s.m.m.a.RequestMappingHandlerMapping[0;39m - 31 mappings in 'requestMappingHandlerMapping'
[30m2024-06-20 00:12:37[0;39m [34mINFO [0;39m[restartedMain] [1;33mo.s.b.a.e.web.EndpointLinksResolver[0;39m - Exposing 1 endpoint(s) beneath base path '/actuator'
[30m2024-06-20 00:12:37[0;39m [34mINFO [0;39m[restartedMain] [1;33mo.s.s.web.DefaultSecurityFilterChain[0;39m - Will secure any request with [org.springframework.security.web.session.DisableEncodeUrlFilter@77a9e515, org.springframework.security.web.session.ForceEagerSessionCreationFilter@324f704b, org.springframework.security.web.context.request.async.WebAsyncManagerIntegrationFilter@bb995ca, org.springframework.security.web.context.SecurityContextHolderFilter@26905ad7, org.springframework.security.web.header.HeaderWriterFilter@646d624, org.springframework.web.filter.CorsFilter@82d6eec, org.springframework.security.web.authentication.logout.LogoutFilter@11875947, com.Config.JwtAuthFilter@3094a3b1, org.springframework.security.web.savedrequest.RequestCacheAwareFilter@11c12834, org.springframework.security.web.servletapi.SecurityContextHolderAwareRequestFilter@56ab0333, org.springframework.security.web.authentication.AnonymousAuthenticationFilter@791040c0, org.springframework.security.web.session.SessionManagementFilter@8bf24f0, org.springframework.security.web.access.ExceptionTranslationFilter@76cafd8c, org.springframework.security.web.access.intercept.AuthorizationFilter@78a7a093]
[30m2024-06-20 00:12:37[0;39m [39mDEBUG[0;39m[restartedMain] [1;33mo.s.w.s.m.m.a.RequestMappingHandlerAdapter[0;39m - ControllerAdvice beans: 0 @ModelAttribute, 0 @InitBinder, 1 RequestBodyAdvice, 1 ResponseBodyAdvice
[30m2024-06-20 00:12:37[0;39m [39mDEBUG[0;39m[restartedMain] [1;33mo.s.w.s.m.m.a.ExceptionHandlerExceptionResolver[0;39m - ControllerAdvice beans: 1 @ExceptionHandler, 1 ResponseBodyAdvice
[30m2024-06-20 00:12:37[0;39m [34mINFO [0;39m[restartedMain] [1;33mo.s.b.d.a.OptionalLiveReloadServer[0;39m - LiveReload server is running on port 35729
[30m2024-06-20 00:12:37[0;39m [34mINFO [0;39m[restartedMain] [1;33mo.a.coyote.http11.Http11NioProtocol[0;39m - Starting ProtocolHandler ["http-nio-4545"]
[30m2024-06-20 00:12:37[0;39m [34mINFO [0;39m[restartedMain] [1;33mo.s.b.w.e.tomcat.TomcatWebServer[0;39m - Tomcat started on port 4545 (http) with context path ''
[30m2024-06-20 00:12:37[0;39m [34mINFO [0;39m[restartedMain] [1;33mcom.DemoApplication[0;39m - Started DemoApplication in 7.547 seconds (process running for 23391.214)
[30m2024-06-20 00:12:37[0;39m [34mINFO [0;39m[restartedMain] [1;33mo.s.b.d.a.ConditionEvaluationDeltaLoggingListener[0;39m - Condition evaluation unchanged
[30m2024-06-20 00:14:31[0;39m [34mINFO [0;39m[File Watcher] [1;33mo.s.b.d.a.LocalDevToolsAutoConfiguration$RestartingClassPathChangeChangedEventListener[0;39m - Restarting due to 1 class path change (0 additions, 0 deletions, 1 modification)
[30m2024-06-20 00:14:32[0;39m [34mINFO [0;39m[Thread-221] [1;33mo.a.coyote.http11.Http11NioProtocol[0;39m - Stopping ProtocolHandler ["http-nio-4545"]
[30m2024-06-20 00:14:32[0;39m [34mINFO [0;39m[Thread-221] [1;33mo.s.o.j.LocalContainerEntityManagerFactoryBean[0;39m - Closing JPA EntityManagerFactory for persistence unit 'default'
[30m2024-06-20 00:14:32[0;39m [34mINFO [0;39m[Thread-221] [1;33mcom.zaxxer.hikari.HikariDataSource[0;39m - HikariPool-56 - Shutdown initiated...
[30m2024-06-20 00:14:32[0;39m [34mINFO [0;39m[Thread-221] [1;33mcom.zaxxer.hikari.HikariDataSource[0;39m - HikariPool-56 - Shutdown completed.
[30m2024-06-20 00:14:34[0;39m [34mINFO [0;39m[restartedMain] [1;33mcom.DemoApplication[0;39m - Starting DemoApplication using Java 17.0.11 with PID 20052 (/Users/silaspacheco/Ecomm_Backend/Ecomm_Backend/target/classes started by silaspacheco in /Users/silaspacheco/Ecomm_Backend/Ecomm_Backend)
[30m2024-06-20 00:14:34[0;39m [34mINFO [0;39m[restartedMain] [1;33mcom.DemoApplication[0;39m - No active profile set, falling back to 1 default profile: "default"
[30m2024-06-20 00:14:35[0;39m [34mINFO [0;39m[restartedMain] [1;33mo.s.d.r.c.RepositoryConfigurationDelegate[0;39m - Bootstrapping Spring Data JPA repositories in DEFAULT mode.
[30m2024-06-20 00:14:36[0;39m [34mINFO [0;39m[restartedMain] [1;33mo.s.d.r.c.RepositoryConfigurationDelegate[0;39m - Finished Spring Data repository scanning in 912 ms. Found 10 JPA repository interfaces.
[30m2024-06-20 00:14:36[0;39m [34mINFO [0;39m[restartedMain] [1;33mo.s.b.w.e.tomcat.TomcatWebServer[0;39m - Tomcat initialized with port 4545 (http)
[30m2024-06-20 00:14:36[0;39m [34mINFO [0;39m[restartedMain] [1;33mo.a.coyote.http11.Http11NioProtocol[0;39m - Initializing ProtocolHandler ["http-nio-4545"]
[30m2024-06-20 00:14:36[0;39m [34mINFO [0;39m[restartedMain] [1;33mo.a.catalina.core.StandardService[0;39m - Starting service [Tomcat]
[30m2024-06-20 00:14:36[0;39m [34mINFO [0;39m[restartedMain] [1;33mo.a.catalina.core.StandardEngine[0;39m - Starting Servlet engine: [Apache Tomcat/10.1.24]
[30m2024-06-20 00:14:36[0;39m [34mINFO [0;39m[restartedMain] [1;33mo.a.c.c.C.[Tomcat-2].[localhost].[/][0;39m - Initializing Spring embedded WebApplicationContext
[30m2024-06-20 00:14:36[0;39m [34mINFO [0;39m[restartedMain] [1;33mo.s.b.w.s.c.ServletWebServerApplicationContext[0;39m - Root WebApplicationContext: initialization completed in 1898 ms
[30m2024-06-20 00:14:36[0;39m [39mDEBUG[0;39m[restartedMain] [1;33mo.s.w.f.ServerHttpObservationFilter[0;39m - Filter 'webMvcObservationFilter' configured for use
[30m2024-06-20 00:14:36[0;39m [34mINFO [0;39m[restartedMain] [1;33mo.s.o.j.p.SpringPersistenceUnitInfo[0;39m - No LoadTimeWeaver setup: ignoring JPA class transformer
[30m2024-06-20 00:14:36[0;39m [34mINFO [0;39m[restartedMain] [1;33mcom.zaxxer.hikari.HikariDataSource[0;39m - HikariPool-57 - Starting...
[30m2024-06-20 00:14:36[0;39m [34mINFO [0;39m[restartedMain] [1;33mcom.zaxxer.hikari.pool.HikariPool[0;39m - HikariPool-57 - Added connection com.mysql.cj.jdbc.ConnectionImpl@6aac1bdb
[30m2024-06-20 00:14:36[0;39m [34mINFO [0;39m[restartedMain] [1;33mcom.zaxxer.hikari.HikariDataSource[0;39m - HikariPool-57 - Start completed.
[30m2024-06-20 00:14:37[0;39m [34mINFO [0;39m[restartedMain] [1;33mo.s.o.j.LocalContainerEntityManagerFactoryBean[0;39m - Initialized JPA EntityManagerFactory for persistence unit 'default'
[30m2024-06-20 00:14:38[0;39m [31mWARN [0;39m[restartedMain] [1;33mo.s.b.a.o.j.JpaBaseConfiguration$JpaWebConfiguration[0;39m - spring.jpa.open-in-view is enabled by default. Therefore, database queries may be performed during view rendering. Explicitly configure spring.jpa.open-in-view to disable this warning
[30m2024-06-20 00:14:38[0;39m [31mWARN [0;39m[restartedMain] [1;33mo.s.b.a.s.s.UserDetailsServiceAutoConfiguration[0;39m - 

Using generated security password: 8dc27756-8eca-4110-88a7-1a189ce1fe55

This generated password is for development use only. Your security configuration must be updated before running your application in production.

[30m2024-06-20 00:14:38[0;39m [39mDEBUG[0;39m[restartedMain] [1;33mo.s.w.s.m.m.a.RequestMappingHandlerMapping[0;39m - 31 mappings in 'requestMappingHandlerMapping'
[30m2024-06-20 00:14:38[0;39m [34mINFO [0;39m[restartedMain] [1;33mo.s.b.a.e.web.EndpointLinksResolver[0;39m - Exposing 1 endpoint(s) beneath base path '/actuator'
[30m2024-06-20 00:14:38[0;39m [34mINFO [0;39m[restartedMain] [1;33mo.s.s.web.DefaultSecurityFilterChain[0;39m - Will secure any request with [org.springframework.security.web.session.DisableEncodeUrlFilter@1b475622, org.springframework.security.web.session.ForceEagerSessionCreationFilter@35f9f9f0, org.springframework.security.web.context.request.async.WebAsyncManagerIntegrationFilter@4cc5cc8b, org.springframework.security.web.context.SecurityContextHolderFilter@122dc1e8, org.springframework.security.web.header.HeaderWriterFilter@164dcd2b, org.springframework.web.filter.CorsFilter@68182bbe, org.springframework.security.web.authentication.logout.LogoutFilter@7766a9ee, com.Config.JwtAuthFilter@49cf86d9, org.springframework.security.web.savedrequest.RequestCacheAwareFilter@2926b235, org.springframework.security.web.servletapi.SecurityContextHolderAwareRequestFilter@e94559f, org.springframework.security.web.authentication.AnonymousAuthenticationFilter@3383d069, org.springframework.security.web.session.SessionManagementFilter@6176dac1, org.springframework.security.web.access.ExceptionTranslationFilter@54714a8c, org.springframework.security.web.access.intercept.AuthorizationFilter@2a708c06]
[30m2024-06-20 00:14:38[0;39m [39mDEBUG[0;39m[restartedMain] [1;33mo.s.w.s.m.m.a.RequestMappingHandlerAdapter[0;39m - ControllerAdvice beans: 0 @ModelAttribute, 0 @InitBinder, 1 RequestBodyAdvice, 1 ResponseBodyAdvice
[30m2024-06-20 00:14:38[0;39m [39mDEBUG[0;39m[restartedMain] [1;33mo.s.w.s.m.m.a.ExceptionHandlerExceptionResolver[0;39m - ControllerAdvice beans: 1 @ExceptionHandler, 1 ResponseBodyAdvice
[30m2024-06-20 00:14:38[0;39m [34mINFO [0;39m[restartedMain] [1;33mo.s.b.d.a.OptionalLiveReloadServer[0;39m - LiveReload server is running on port 35729
[30m2024-06-20 00:14:38[0;39m [34mINFO [0;39m[restartedMain] [1;33mo.a.coyote.http11.Http11NioProtocol[0;39m - Starting ProtocolHandler ["http-nio-4545"]
[30m2024-06-20 00:14:38[0;39m [34mINFO [0;39m[restartedMain] [1;33mo.s.b.w.e.tomcat.TomcatWebServer[0;39m - Tomcat started on port 4545 (http) with context path ''
[30m2024-06-20 00:14:38[0;39m [34mINFO [0;39m[restartedMain] [1;33mcom.DemoApplication[0;39m - Started DemoApplication in 4.351 seconds (process running for 23512.32)
[30m2024-06-20 00:14:38[0;39m [34mINFO [0;39m[restartedMain] [1;33mo.s.b.d.a.ConditionEvaluationDeltaLoggingListener[0;39m - Condition evaluation unchanged
